This is pdfTeX, Version 3.141592653-2.6-1.40.22 (MiKTeX 21.2) (preloaded format=pdflatex 2021.3.19)  20 OCT 2021 11:04
entering extended mode
**./main.tex
(main.tex
LaTeX2e <2020-10-01> patch level 4
L3 programming layer <2021-02-18> xparse <2020-03-03>
(C:\Users\fritz\AppData\Local\Programs\MiKTeX\tex/latex/base\article.cls
Document Class: article 2020/04/10 v1.4m Standard LaTeX document class
(C:\Users\fritz\AppData\Local\Programs\MiKTeX\tex/latex/base\size12.clo
File: size12.clo 2020/04/10 v1.4m Standard LaTeX file (size option)
)
\c@part=\count179
\c@section=\count180
\c@subsection=\count181
\c@subsubsection=\count182
\c@paragraph=\count183
\c@subparagraph=\count184
\c@figure=\count185
\c@table=\count186
\abovecaptionskip=\skip47
\belowcaptionskip=\skip48
\bibindent=\dimen138
)
(C:\Users\fritz\AppData\Local\Programs\MiKTeX\tex/latex/a4wide\a4wide.sty
Package: a4wide 1994/08/30

(C:\Users\fritz\AppData\Local\Programs\MiKTeX\tex/latex/ntgclass\a4.sty
Package: a4 2020/02/18 v1.2g A4 based page layout
))
(C:\Users\fritz\AppData\Local\Programs\MiKTeX\tex/latex/fancyhdr\fancyhdr.sty
Package: fancyhdr 2021/01/28 v4.0.1 Extensive control of page headers and foote
rs
\f@nch@headwidth=\skip49
\f@nch@O@elh=\skip50
\f@nch@O@erh=\skip51
\f@nch@O@olh=\skip52
\f@nch@O@orh=\skip53
\f@nch@O@elf=\skip54
\f@nch@O@erf=\skip55
\f@nch@O@olf=\skip56
\f@nch@O@orf=\skip57
)
(C:\Users\fritz\AppData\Local\Programs\MiKTeX\tex/latex/graphics\graphicx.sty
Package: graphicx 2020/09/09 v1.2b Enhanced LaTeX Graphics (DPC,SPQR)

(C:\Users\fritz\AppData\Local\Programs\MiKTeX\tex/latex/graphics\keyval.sty
Package: keyval 2014/10/28 v1.15 key=value parser (DPC)
\KV@toks@=\toks15
)
(C:\Users\fritz\AppData\Local\Programs\MiKTeX\tex/latex/graphics\graphics.sty
Package: graphics 2020/08/30 v1.4c Standard LaTeX Graphics (DPC,SPQR)

(C:\Users\fritz\AppData\Local\Programs\MiKTeX\tex/latex/graphics\trig.sty
Package: trig 2016/01/03 v1.10 sin cos tan (DPC)
)
(C:\Users\fritz\AppData\Local\Programs\MiKTeX\tex/latex/graphics-cfg\graphics.c
fg
File: graphics.cfg 2016/06/04 v1.11 sample graphics configuration
)
Package graphics Info: Driver file: pdftex.def on input line 105.

(C:\Users\fritz\AppData\Local\Programs\MiKTeX\tex/latex/graphics-def\pdftex.def
File: pdftex.def 2020/10/05 v1.2a Graphics/color driver for pdftex
))
\Gin@req@height=\dimen139
\Gin@req@width=\dimen140
) (C:\Users\fritz\AppData\Local\Programs\MiKTeX\tex/latex/graphics\epsfig.sty
Package: epsfig 2017/06/25 v1.7b (e)psfig emulation (SPQR)
\epsfxsize=\dimen141
\epsfysize=\dimen142
) (C:\Users\fritz\AppData\Local\Programs\MiKTeX\tex/latex/parskip\parskip.sty
Package: parskip 2021-03-14 v2.0h non-zero parskip adjustments

(C:\Users\fritz\AppData\Local\Programs\MiKTeX\tex/latex/kvoptions\kvoptions.sty
Package: kvoptions 2020-10-07 v3.14 Key value format for package options (HO)
(C:\Users\fritz\AppData\Local\Programs\MiKTeX\tex/generic/ltxcmds\ltxcmds.sty
Package: ltxcmds 2020-05-10 v1.25 LaTeX kernel commands for general use (HO)
)
(C:\Users\fritz\AppData\Local\Programs\MiKTeX\tex/generic/kvsetkeys\kvsetkeys.s
ty
Package: kvsetkeys 2019/12/15 v1.18 Key value parser (HO)
))
(C:\Users\fritz\AppData\Local\Programs\MiKTeX\tex/latex/etoolbox\etoolbox.sty
Package: etoolbox 2020/10/05 v2.5k e-TeX tools for LaTeX (JAW)
\etb@tempcnta=\count187
)) (C:\Users\fritz\AppData\Local\Programs\MiKTeX\tex/latex/base\inputenc.sty
Package: inputenc 2020/08/01 v1.3d Input encoding file
\inpenc@prehook=\toks16
\inpenc@posthook=\toks17

(C:\Users\fritz\AppData\Local\Programs\MiKTeX\tex/latex/base\ansinew.def
File: ansinew.def 2020/08/01 v1.3d Input encoding file
))
(C:\Users\fritz\AppData\Local\Programs\MiKTeX\tex/latex/amsmath\amsmath.sty
Package: amsmath 2020/09/23 v2.17i AMS math features
\@mathmargin=\skip58

For additional information on amsmath, use the `?' option.
(C:\Users\fritz\AppData\Local\Programs\MiKTeX\tex/latex/amsmath\amstext.sty
Package: amstext 2000/06/29 v2.01 AMS text

(C:\Users\fritz\AppData\Local\Programs\MiKTeX\tex/latex/amsmath\amsgen.sty
File: amsgen.sty 1999/11/30 v2.0 generic functions
\@emptytoks=\toks18
\ex@=\dimen143
))
(C:\Users\fritz\AppData\Local\Programs\MiKTeX\tex/latex/amsmath\amsbsy.sty
Package: amsbsy 1999/11/29 v1.2d Bold Symbols
\pmbraise@=\dimen144
)
(C:\Users\fritz\AppData\Local\Programs\MiKTeX\tex/latex/amsmath\amsopn.sty
Package: amsopn 2016/03/08 v2.02 operator names
)
\inf@bad=\count188
LaTeX Info: Redefining \frac on input line 234.
\uproot@=\count189
\leftroot@=\count190
LaTeX Info: Redefining \overline on input line 399.
\classnum@=\count191
\DOTSCASE@=\count192
LaTeX Info: Redefining \ldots on input line 496.
LaTeX Info: Redefining \dots on input line 499.
LaTeX Info: Redefining \cdots on input line 620.
\Mathstrutbox@=\box47
\strutbox@=\box48
\big@size=\dimen145
LaTeX Font Info:    Redeclaring font encoding OML on input line 743.
LaTeX Font Info:    Redeclaring font encoding OMS on input line 744.
\macc@depth=\count193
\c@MaxMatrixCols=\count194
\dotsspace@=\muskip16
\c@parentequation=\count195
\dspbrk@lvl=\count196
\tag@help=\toks19
\row@=\count197
\column@=\count198
\maxfields@=\count199
\andhelp@=\toks20
\eqnshift@=\dimen146
\alignsep@=\dimen147
\tagshift@=\dimen148
\tagwidth@=\dimen149
\totwidth@=\dimen150
\lineht@=\dimen151
\@envbody=\toks21
\multlinegap=\skip59
\multlinetaggap=\skip60
\mathdisplay@stack=\toks22
LaTeX Info: Redefining \[ on input line 2923.
LaTeX Info: Redefining \] on input line 2924.
)
(C:\Users\fritz\AppData\Local\Programs\MiKTeX\tex/latex/amsfonts\amssymb.sty
Package: amssymb 2013/01/14 v3.01 AMS font symbols

(C:\Users\fritz\AppData\Local\Programs\MiKTeX\tex/latex/amsfonts\amsfonts.sty
Package: amsfonts 2013/01/14 v3.01 Basic AMSFonts support
\symAMSa=\mathgroup4
\symAMSb=\mathgroup5
LaTeX Font Info:    Redeclaring math symbol \hbar on input line 98.
LaTeX Font Info:    Overwriting math alphabet `\mathfrak' in version `bold'
(Font)                  U/euf/m/n --> U/euf/b/n on input line 106.
)) (C:\Users\fritz\AppData\Local\Programs\MiKTeX\tex/latex/latex-tools\bm.sty
Package: bm 2019/07/24 v1.2d Bold Symbol Support (DPC/FMi)
\symboldoperators=\mathgroup6
\symboldletters=\mathgroup7
\symboldsymbols=\mathgroup8
LaTeX Font Info:    Redeclaring math alphabet \mathbf on input line 141.
LaTeX Info: Redefining \bm on input line 209.
)
(C:\Users\fritz\AppData\Local\Programs\MiKTeX\tex/latex/siunitx\siunitx.sty
Package: siunitx 2021-09-29 v3.0.32 A comprehensive (SI) units package
\l__siunitx_angle_tmp_dim=\dimen152
\l__siunitx_angle_marker_box=\box49
\l__siunitx_angle_unit_box=\box50
\l__siunitx_compound_count_int=\count266

(C:\Users\fritz\AppData\Local\Programs\MiKTeX\tex/latex/translations\translatio
ns.sty
Package: translations 2021/01/17 v1.10a internationalization of LaTeX2e package
s (CN)

(C:\Users\fritz\AppData\Local\Programs\MiKTeX\tex/generic/pdftexcmds\pdftexcmds
.sty
Package: pdftexcmds 2020-06-27 v0.33 Utility functions of pdfTeX for LuaTeX (HO
)

(C:\Users\fritz\AppData\Local\Programs\MiKTeX\tex/generic/infwarerr\infwarerr.s
ty
Package: infwarerr 2019/12/03 v1.5 Providing info/warning/error messages (HO)
) (C:\Users\fritz\AppData\Local\Programs\MiKTeX\tex/generic/iftex\iftex.sty
Package: iftex 2020/03/06 v1.0d TeX engine tests
)
Package pdftexcmds Info: \pdf@primitive is available.
Package pdftexcmds Info: \pdf@ifprimitive is available.
Package pdftexcmds Info: \pdfdraftmode found.
))
\l__siunitx_number_exponent_fixed_int=\count267
\l__siunitx_number_min_decimal_int=\count268
\l__siunitx_number_min_integer_int=\count269
\l__siunitx_number_round_precision_int=\count270
\l__siunitx_number_group_minimum_int=\count271
 (C:\Users\fritz\AppData\Local\Programs\MiKTeX\tex/latex/graphics\color.sty
Package: color 2020/02/24 v1.2b Standard LaTeX Color (DPC)

(C:\Users\fritz\AppData\Local\Programs\MiKTeX\tex/latex/graphics-cfg\color.cfg
File: color.cfg 2016/01/02 v1.6 sample color configuration
)
Package color Info: Driver file: pdftex.def on input line 147.
)
\l__siunitx_table_tmp_box=\box51
\l__siunitx_table_tmp_dim=\dimen153
\l__siunitx_table_column_width_dim=\dimen154
\l__siunitx_table_integer_box=\box52
\l__siunitx_table_decimal_box=\box53
\l__siunitx_table_before_box=\box54
\l__siunitx_table_after_box=\box55
\l__siunitx_table_before_dim=\dimen155
\l__siunitx_table_carry_dim=\dimen156
\l__siunitx_unit_tmp_int=\count272
\l__siunitx_unit_position_int=\count273
\l__siunitx_unit_total_int=\count274

(C:\Users\fritz\AppData\Local\Programs\MiKTeX\tex/latex/l3packages/l3keys2e\l3k
eys2e.sty
(C:\Users\fritz\AppData\Local\Programs\MiKTeX\tex/latex/l3kernel\expl3.sty
Package: expl3 2021-02-18 L3 programming layer (loader) 

(C:\Users\fritz\AppData\Local\Programs\MiKTeX\tex/latex/l3backend\l3backend-pdf
tex.def
File: l3backend-pdftex.def 2021-02-18 L3 backend support: PDF output (pdfTeX)
\l__color_backend_stack_int=\count275
\l__pdf_internal_box=\box56
))
Package: l3keys2e 2020-10-27 LaTeX2e option processing using LaTeX3 keys
)

LaTeX3 Info: Defining command \DeclareSIPower with sig. '+m+mm' on line 7294.


LaTeX3 Info: Defining command \DeclareSIPrefix with sig. '+mmm' on line 7298.


LaTeX3 Info: Defining command \DeclareSIQualifier with sig. '+mm' on line
(LaTeX3)     7302.


LaTeX3 Info: Defining command \DeclareSIUnit with sig. 'o+mm' on line 7308.


LaTeX3 Info: Defining command \qty with sig. 'O{}m>{\TrimSpaces }m' on line
(LaTeX3)     7328.


LaTeX3 Info: Defining command \ang with sig. 'O{}>{\SplitArgument {2}{;}}m' on
(LaTeX3)     line 7336.


LaTeX3 Info: Defining command \num with sig. 'O{}m' on line 7345.


LaTeX3 Info: Defining command \unit with sig. 'O{}>{\TrimSpaces }m' on line
(LaTeX3)     7366.


LaTeX3 Info: Defining command \qtylist with sig. 'O{}>{\SplitList
(LaTeX3)     {;}}m>{\TrimSpaces }m' on line 7376.


LaTeX3 Info: Defining command \numlist with sig. 'O{}>{\SplitList {;}}m' on
(LaTeX3)     line 7384.


LaTeX3 Info: Defining command \qtyproduct with sig. 'O{}>{\SplitList
(LaTeX3)     {x}}m>{\TrimSpaces }m' on line 7394.


LaTeX3 Info: Defining command \numproduct with sig. 'O{}>{\SplitList
(LaTeX3)     {x}}>{\TrimSpaces }m' on line 7403.


LaTeX3 Info: Defining command \qtyrange with sig. 'O{}mm>{\TrimSpaces }m' on
(LaTeX3)     line 7412.


LaTeX3 Info: Defining command \numrange with sig. 'O{}mm' on line 7420.


LaTeX3 Info: Defining command \complexnum with sig. 'O{}m' on line 7428.


LaTeX3 Info: Defining command \complexqty with sig. 'O{}mm' on line 7437.


LaTeX3 Info: Defining command \tablenum with sig. 'O{}m' on line 7447.


LaTeX3 Info: Defining command \sisetup with sig. 'm' on line 7449.


(C:\Users\fritz\AppData\Local\Programs\MiKTeX\tex/latex/latex-tools\array.sty
Package: array 2020/10/01 v2.5c Tabular extension package (FMi)
\col@sep=\dimen157
\ar@mcellbox=\box57
\extrarowheight=\dimen158
\NC@list=\toks23
\extratabsurround=\skip61
\backup@length=\skip62
\ar@cellbox=\box58
)

LaTeX3 Info: Defining command \qty (pdfstring context) with sig. 'omm' on line
(LaTeX3)     7519.


LaTeX3 Info: Defining command \ang (pdfstring context) with sig. 'm' on line
(LaTeX3)     7520.


LaTeX3 Info: Defining command \num (pdfstring context) with sig. 'om' on line
(LaTeX3)     7521.


LaTeX3 Info: Defining command \unit (pdfstring context) with sig. 'om' on line
(LaTeX3)     7522.


LaTeX3 Info: Defining command \numlist (pdfstring context) with sig. 'om' on
(LaTeX3)     line 7529.


LaTeX3 Info: Defining command \qtylist (pdfstring context) with sig. 'omm' on
(LaTeX3)     line 7536.


LaTeX3 Info: Defining command \numproduct (pdfstring context) with sig. 'om'
(LaTeX3)     on line 7537.


LaTeX3 Info: Defining command \qtyproduct (pdfstring context) with sig. 'omm'
(LaTeX3)     on line 7538.


LaTeX3 Info: Defining command \numrange (pdfstring context) with sig. 'omm' on
(LaTeX3)     line 7540.


LaTeX3 Info: Defining command \qtyrange (pdfstring context) with sig. 'ommm'
(LaTeX3)     on line 7542.


LaTeX3 Info: Defining command \si (pdfstring context) with sig. 'om' on line
(LaTeX3)     7543.


LaTeX3 Info: Defining command \SI (pdfstring context) with sig. 'omO{}m' on
(LaTeX3)     line 7544.


LaTeX3 Info: Defining command \SIlist (pdfstring context) with sig. 'omm' on
(LaTeX3)     line 7551.


LaTeX3 Info: Defining command \SIrange (pdfstring context) with sig. 'ommm' on
(LaTeX3)     line 7553.


LaTeX3 Info: Defining command \DeclareBinaryPrefix with sig. '+mmm' on line
(LaTeX3)     7652.


LaTeX3 Info: Defining command \DeclareSIPrePower with sig. '+mm' on line 7657.


LaTeX3 Info: Defining command \DeclareSIPostPower with sig. '+mm' on line
(LaTeX3)     7662.


LaTeX3 Info: Defining command \si with sig. 'O{}m' on line 7671.


LaTeX3 Info: Defining command \SI with sig. 'O{}mom' on line 7685.


LaTeX3 Info: Defining command \SIlist with sig. 'O{}>{\SplitList
(LaTeX3)     {;}}m>{\TrimSpaces }m' on line 7695.


LaTeX3 Info: Defining command \SIrange with sig. 'O{}mm>{\TrimSpaces }m' on
(LaTeX3)     line 7704.


LaTeX3 Info: Defining command \SendSettingsToPgf with sig. '' on line 7891.

) (C:\Users\fritz\AppData\Local\Programs\MiKTeX\tex/latex/hyperref\hyperref.sty
Package: hyperref 2021-02-10 v7.00j Hypertext links for LaTeX

(C:\Users\fritz\AppData\Local\Programs\MiKTeX\tex/generic/kvdefinekeys\kvdefine
keys.sty
Package: kvdefinekeys 2019-12-19 v1.6 Define keys (HO)
)
(C:\Users\fritz\AppData\Local\Programs\MiKTeX\tex/generic/pdfescape\pdfescape.s
ty
Package: pdfescape 2019/12/09 v1.15 Implements pdfTeX's escape features (HO)
) (C:\Users\fritz\AppData\Local\Programs\MiKTeX\tex/latex/hycolor\hycolor.sty
Package: hycolor 2020-01-27 v1.10 Color options for hyperref/bookmark (HO)
)
(C:\Users\fritz\AppData\Local\Programs\MiKTeX\tex/latex/letltxmacro\letltxmacro
.sty
Package: letltxmacro 2019/12/03 v1.6 Let assignment for LaTeX macros (HO)
)
(C:\Users\fritz\AppData\Local\Programs\MiKTeX\tex/latex/auxhook\auxhook.sty
Package: auxhook 2019-12-17 v1.6 Hooks for auxiliary files (HO)
)
\@linkdim=\dimen159
\Hy@linkcounter=\count276
\Hy@pagecounter=\count277

(C:\Users\fritz\AppData\Local\Programs\MiKTeX\tex/latex/hyperref\pd1enc.def
File: pd1enc.def 2021-02-10 v7.00j Hyperref: PDFDocEncoding definition (HO)
Now handling font encoding PD1 ...
... no UTF-8 mapping file for font encoding PD1
)
(C:\Users\fritz\AppData\Local\Programs\MiKTeX\tex/latex/hyperref\hyperref-langp
atches.def
File: hyperref-langpatches.def 2021-02-10 v7.00j Hyperref: patches for babel la
nguages
)
(C:\Users\fritz\AppData\Local\Programs\MiKTeX\tex/generic/intcalc\intcalc.sty
Package: intcalc 2019/12/15 v1.3 Expandable calculations with integers (HO)
)
(C:\Users\fritz\AppData\Local\Programs\MiKTeX\tex/generic/etexcmds\etexcmds.sty
Package: etexcmds 2019/12/15 v1.7 Avoid name clashes with e-TeX commands (HO)
)
\Hy@SavedSpaceFactor=\count278
 (C:\Users\fritz\AppData\Local\Programs\MiKTeX\tex/latex/hyperref\puenc.def
File: puenc.def 2021-02-10 v7.00j Hyperref: PDF Unicode definition (HO)
Now handling font encoding PU ...
... no UTF-8 mapping file for font encoding PU
)
Package hyperref Info: Option `colorlinks' set `true' on input line 4073.
Package hyperref Info: Hyper figures OFF on input line 4192.
Package hyperref Info: Link nesting OFF on input line 4197.
Package hyperref Info: Hyper index ON on input line 4200.
Package hyperref Info: Plain pages OFF on input line 4207.
Package hyperref Info: Backreferencing OFF on input line 4212.
Package hyperref Info: Implicit mode ON; LaTeX internals redefined.
Package hyperref Info: Bookmarks ON on input line 4445.
\c@Hy@tempcnt=\count279

(C:\Users\fritz\AppData\Local\Programs\MiKTeX\tex/latex/url\url.sty
\Urlmuskip=\muskip17
Package: url 2013/09/16  ver 3.4  Verb mode for urls, etc.
)
LaTeX Info: Redefining \url on input line 4804.
\XeTeXLinkMargin=\dimen160

(C:\Users\fritz\AppData\Local\Programs\MiKTeX\tex/generic/bitset\bitset.sty
Package: bitset 2019/12/09 v1.3 Handle bit-vector datatype (HO)

(C:\Users\fritz\AppData\Local\Programs\MiKTeX\tex/generic/bigintcalc\bigintcalc
.sty
Package: bigintcalc 2019/12/15 v1.5 Expandable calculations on big integers (HO
)
))
\Fld@menulength=\count280
\Field@Width=\dimen161
\Fld@charsize=\dimen162
Package hyperref Info: Hyper figures OFF on input line 6075.
Package hyperref Info: Link nesting OFF on input line 6080.
Package hyperref Info: Hyper index ON on input line 6083.
Package hyperref Info: backreferencing OFF on input line 6090.
Package hyperref Info: Link coloring ON on input line 6093.
Package hyperref Info: Link coloring with OCG OFF on input line 6100.
Package hyperref Info: PDF/A mode OFF on input line 6105.
LaTeX Info: Redefining \ref on input line 6145.
LaTeX Info: Redefining \pageref on input line 6149.

(C:\Users\fritz\AppData\Local\Programs\MiKTeX\tex/latex/base\atbegshi-ltx.sty
Package: atbegshi-ltx 2020/08/17 v1.0a Emulation of the original atbegshi packa
ge
with kernel methods
)
\Hy@abspage=\count281
\c@Item=\count282
\c@Hfootnote=\count283
)
Package hyperref Info: Driver (autodetected): hpdftex.
(C:\Users\fritz\AppData\Local\Programs\MiKTeX\tex/latex/hyperref\hpdftex.def
File: hpdftex.def 2021-02-10 v7.00j Hyperref driver for pdfTeX

(C:\Users\fritz\AppData\Local\Programs\MiKTeX\tex/latex/base\atveryend-ltx.sty
Package: atveryend-ltx 2020/08/19 v1.0a Emulation of the original atvery packag
e
with kernel methods
)
\Fld@listcount=\count284
\c@bookmark@seq@number=\count285

(C:\Users\fritz\AppData\Local\Programs\MiKTeX\tex/latex/rerunfilecheck\rerunfil
echeck.sty
Package: rerunfilecheck 2019/12/05 v1.9 Rerun checks for auxiliary files (HO)

(C:\Users\fritz\AppData\Local\Programs\MiKTeX\tex/generic/uniquecounter\uniquec
ounter.sty
Package: uniquecounter 2019/12/15 v1.4 Provide unlimited unique counter (HO)
)
Package uniquecounter Info: New unique counter `rerunfilecheck' on input line 2
86.
)
\Hy@SectionHShift=\skip63
)
Package translations Info: No language package found. I am going to use `englis
h' as default language. on input line 24.
 (main.aux)
\openout1 = `main.aux'.

LaTeX Font Info:    Checking defaults for OML/cmm/m/it on input line 24.
LaTeX Font Info:    ... okay on input line 24.
LaTeX Font Info:    Checking defaults for OMS/cmsy/m/n on input line 24.
LaTeX Font Info:    ... okay on input line 24.
LaTeX Font Info:    Checking defaults for OT1/cmr/m/n on input line 24.
LaTeX Font Info:    ... okay on input line 24.
LaTeX Font Info:    Checking defaults for T1/cmr/m/n on input line 24.
LaTeX Font Info:    ... okay on input line 24.
LaTeX Font Info:    Checking defaults for TS1/cmr/m/n on input line 24.
LaTeX Font Info:    ... okay on input line 24.
LaTeX Font Info:    Checking defaults for OMX/cmex/m/n on input line 24.
LaTeX Font Info:    ... okay on input line 24.
LaTeX Font Info:    Checking defaults for U/cmr/m/n on input line 24.
LaTeX Font Info:    ... okay on input line 24.
LaTeX Font Info:    Checking defaults for PD1/pdf/m/n on input line 24.
LaTeX Font Info:    ... okay on input line 24.
LaTeX Font Info:    Checking defaults for PU/pdf/m/n on input line 24.
LaTeX Font Info:    ... okay on input line 24.

(C:\Users\fritz\AppData\Local\Programs\MiKTeX\tex/context/base/mkii\supp-pdf.mk
ii
[Loading MPS to PDF converter (version 2006.09.02).]
\scratchcounter=\count286
\scratchdimen=\dimen163
\scratchbox=\box59
\nofMPsegments=\count287
\nofMParguments=\count288
\everyMPshowfont=\toks24
\MPscratchCnt=\count289
\MPscratchDim=\dimen164
\MPnumerator=\count290
\makeMPintoPDFobject=\count291
\everyMPtoPDFconversion=\toks25
)
(C:\Users\fritz\AppData\Local\Programs\MiKTeX\tex/latex/epstopdf-pkg\epstopdf-b
ase.sty
Package: epstopdf-base 2020-01-24 v2.11 Base part for package epstopdf
Package epstopdf-base Info: Redefining graphics rule for `.eps' on input line 4
85.
)

LaTeX3 Info: Defining command \kilogram with sig. '' on line 24.


LaTeX3 Info: Defining command \metre with sig. '' on line 24.


LaTeX3 Info: Defining command \meter with sig. '' on line 24.


LaTeX3 Info: Defining command \mole with sig. '' on line 24.


LaTeX3 Info: Defining command \second with sig. '' on line 24.


LaTeX3 Info: Defining command \ampere with sig. '' on line 24.


LaTeX3 Info: Defining command \kelvin with sig. '' on line 24.


LaTeX3 Info: Defining command \candela with sig. '' on line 24.


LaTeX3 Info: Defining command \gram with sig. '' on line 24.


LaTeX3 Info: Defining command \becquerel with sig. '' on line 24.


LaTeX3 Info: Defining command \degreeCelsius with sig. '' on line 24.


LaTeX3 Info: Defining command \coulomb with sig. '' on line 24.


LaTeX3 Info: Defining command \farad with sig. '' on line 24.


LaTeX3 Info: Defining command \gray with sig. '' on line 24.


LaTeX3 Info: Defining command \hertz with sig. '' on line 24.


LaTeX3 Info: Defining command \henry with sig. '' on line 24.


LaTeX3 Info: Defining command \joule with sig. '' on line 24.


LaTeX3 Info: Defining command \katal with sig. '' on line 24.


LaTeX3 Info: Defining command \lumen with sig. '' on line 24.


LaTeX3 Info: Defining command \lux with sig. '' on line 24.


LaTeX3 Info: Defining command \newton with sig. '' on line 24.


LaTeX3 Info: Defining command \ohm with sig. '' on line 24.


LaTeX3 Info: Defining command \pascal with sig. '' on line 24.


LaTeX3 Info: Defining command \radian with sig. '' on line 24.


LaTeX3 Info: Defining command \siemens with sig. '' on line 24.


LaTeX3 Info: Defining command \sievert with sig. '' on line 24.


LaTeX3 Info: Defining command \steradian with sig. '' on line 24.


LaTeX3 Info: Defining command \tesla with sig. '' on line 24.


LaTeX3 Info: Defining command \volt with sig. '' on line 24.


LaTeX3 Info: Defining command \watt with sig. '' on line 24.


LaTeX3 Info: Defining command \weber with sig. '' on line 24.


LaTeX3 Info: Defining command \astronomicalunit with sig. '' on line 24.


LaTeX3 Info: Defining command \bel with sig. '' on line 24.


LaTeX3 Info: Defining command \decibel with sig. '' on line 24.


LaTeX3 Info: Defining command \dalton with sig. '' on line 24.


LaTeX3 Info: Defining command \electronvolt with sig. '' on line 24.


LaTeX3 Info: Defining command \hectare with sig. '' on line 24.


LaTeX3 Info: Defining command \hour with sig. '' on line 24.


LaTeX3 Info: Defining command \litre with sig. '' on line 24.


LaTeX3 Info: Defining command \liter with sig. '' on line 24.


LaTeX3 Info: Defining command \minute with sig. '' on line 24.


LaTeX3 Info: Defining command \neper with sig. '' on line 24.


LaTeX3 Info: Defining command \tonne with sig. '' on line 24.


LaTeX3 Info: Defining command \arcminute with sig. '' on line 24.


LaTeX3 Info: Defining command \arcsecond with sig. '' on line 24.


LaTeX3 Info: Defining command \degree with sig. '' on line 24.


LaTeX3 Info: Defining command \percent with sig. '' on line 24.


LaTeX3 Info: Defining command \A with sig. '' on line 24.


LaTeX3 Info: Defining command \pA with sig. '' on line 24.


LaTeX3 Info: Defining command \nA with sig. '' on line 24.


LaTeX3 Info: Defining command \uA with sig. '' on line 24.


LaTeX3 Info: Defining command \mA with sig. '' on line 24.


LaTeX3 Info: Defining command \kA with sig. '' on line 24.


LaTeX3 Info: Defining command \Hz with sig. '' on line 24.


LaTeX3 Info: Defining command \mHz with sig. '' on line 24.


LaTeX3 Info: Defining command \kHz with sig. '' on line 24.


LaTeX3 Info: Defining command \MHz with sig. '' on line 24.


LaTeX3 Info: Defining command \GHz with sig. '' on line 24.


LaTeX3 Info: Defining command \THz with sig. '' on line 24.


LaTeX3 Info: Defining command \mol with sig. '' on line 24.


LaTeX3 Info: Defining command \fmol with sig. '' on line 24.


LaTeX3 Info: Defining command \pmol with sig. '' on line 24.


LaTeX3 Info: Defining command \nmol with sig. '' on line 24.


LaTeX3 Info: Defining command \umol with sig. '' on line 24.


LaTeX3 Info: Defining command \mmol with sig. '' on line 24.


LaTeX3 Info: Defining command \kmol with sig. '' on line 24.


LaTeX3 Info: Defining command \V with sig. '' on line 24.


LaTeX3 Info: Defining command \pV with sig. '' on line 24.


LaTeX3 Info: Defining command \nV with sig. '' on line 24.


LaTeX3 Info: Defining command \uV with sig. '' on line 24.


LaTeX3 Info: Defining command \mV with sig. '' on line 24.


LaTeX3 Info: Defining command \kV with sig. '' on line 24.


LaTeX3 Info: Defining command \hl with sig. '' on line 24.


LaTeX3 Info: Defining command \ml with sig. '' on line 24.


LaTeX3 Info: Defining command \ul with sig. '' on line 24.


LaTeX3 Info: Defining command \hL with sig. '' on line 24.


LaTeX3 Info: Defining command \mL with sig. '' on line 24.


LaTeX3 Info: Defining command \uL with sig. '' on line 24.


LaTeX3 Info: Defining command \fg with sig. '' on line 24.


LaTeX3 Info: Defining command \pg with sig. '' on line 24.


LaTeX3 Info: Defining command \ug with sig. '' on line 24.


LaTeX3 Info: Defining command \mg with sig. '' on line 24.


LaTeX3 Info: Defining command \g with sig. '' on line 24.


LaTeX3 Info: Defining command \kg with sig. '' on line 24.


LaTeX3 Info: Defining command \W with sig. '' on line 24.


LaTeX3 Info: Defining command \uW with sig. '' on line 24.


LaTeX3 Info: Defining command \mW with sig. '' on line 24.


LaTeX3 Info: Defining command \kW with sig. '' on line 24.


LaTeX3 Info: Defining command \MW with sig. '' on line 24.


LaTeX3 Info: Defining command \GW with sig. '' on line 24.


LaTeX3 Info: Defining command \J with sig. '' on line 24.


LaTeX3 Info: Defining command \uJ with sig. '' on line 24.


LaTeX3 Info: Defining command \mJ with sig. '' on line 24.


LaTeX3 Info: Defining command \kJ with sig. '' on line 24.


LaTeX3 Info: Defining command \eV with sig. '' on line 24.


LaTeX3 Info: Defining command \meV with sig. '' on line 24.


LaTeX3 Info: Defining command \keV with sig. '' on line 24.


LaTeX3 Info: Defining command \MeV with sig. '' on line 24.


LaTeX3 Info: Defining command \GeV with sig. '' on line 24.


LaTeX3 Info: Defining command \TeV with sig. '' on line 24.


LaTeX3 Info: Defining command \kWh with sig. '' on line 24.


LaTeX3 Info: Defining command \nm with sig. '' on line 24.


LaTeX3 Info: Defining command \um with sig. '' on line 24.


LaTeX3 Info: Defining command \mm with sig. '' on line 24.


LaTeX3 Info: Defining command \cm with sig. '' on line 24.


LaTeX3 Info: Defining command \dm with sig. '' on line 24.


LaTeX3 Info: Defining command \km with sig. '' on line 24.


LaTeX3 Info: Defining command \K with sig. '' on line 24.


LaTeX3 Info: Defining command \dB with sig. '' on line 24.


LaTeX3 Info: Defining command \F with sig. '' on line 24.


LaTeX3 Info: Defining command \fF with sig. '' on line 24.


LaTeX3 Info: Defining command \pF with sig. '' on line 24.


LaTeX3 Info: Defining command \nF with sig. '' on line 24.


LaTeX3 Info: Defining command \uF with sig. '' on line 24.


LaTeX3 Info: Defining command \mH with sig. '' on line 24.


LaTeX3 Info: Defining command \uH with sig. '' on line 24.


LaTeX3 Info: Defining command \N with sig. '' on line 24.


LaTeX3 Info: Defining command \mN with sig. '' on line 24.


LaTeX3 Info: Defining command \kN with sig. '' on line 24.


LaTeX3 Info: Defining command \MN with sig. '' on line 24.


LaTeX3 Info: Defining command \Pa with sig. '' on line 24.


LaTeX3 Info: Defining command \kPa with sig. '' on line 24.


LaTeX3 Info: Defining command \MPa with sig. '' on line 24.


LaTeX3 Info: Defining command \GPa with sig. '' on line 24.


LaTeX3 Info: Defining command \mohm with sig. '' on line 24.


LaTeX3 Info: Defining command \kohm with sig. '' on line 24.


LaTeX3 Info: Defining command \Mohm with sig. '' on line 24.


LaTeX3 Info: Defining command \s with sig. '' on line 24.


LaTeX3 Info: Defining command \as with sig. '' on line 24.


LaTeX3 Info: Defining command \fs with sig. '' on line 24.


LaTeX3 Info: Defining command \ps with sig. '' on line 24.


LaTeX3 Info: Defining command \ns with sig. '' on line 24.


LaTeX3 Info: Defining command \us with sig. '' on line 24.


LaTeX3 Info: Defining command \ms with sig. '' on line 24.


LaTeX3 Info: Defining command \bit with sig. '' on line 24.


LaTeX3 Info: Defining command \byte with sig. '' on line 24.


LaTeX3 Info: Defining command \celsius with sig. '' on line 24.


LaTeX3 Info: Defining command \atomicmassunit with sig. '' on line 24.


LaTeX3 Info: Defining command \barn with sig. '' on line 24.


LaTeX3 Info: Defining command \bohr with sig. '' on line 24.


LaTeX3 Info: Defining command \clight with sig. '' on line 24.


LaTeX3 Info: Defining command \electronmass with sig. '' on line 24.


LaTeX3 Info: Defining command \elementarycharge with sig. '' on line 24.


LaTeX3 Info: Defining command \hartree with sig. '' on line 24.


LaTeX3 Info: Defining command \knot with sig. '' on line 24.


LaTeX3 Info: Defining command \mmHg with sig. '' on line 24.


LaTeX3 Info: Defining command \nauticalmile with sig. '' on line 24.


LaTeX3 Info: Defining command \planckbar with sig. '' on line 24.


LaTeX3 Info: Defining command \angstrom with sig. '' on line 24.


(C:\Users\fritz\AppData\Local\Programs\MiKTeX\tex/latex/translations/dicts\tran
slations-basic-dictionary-english.trsl
File: translations-basic-dictionary-english.trsl (english translation file `tra
nslations-basic-dictionary')
)
Package translations Info: loading dictionary `translations-basic-dictionary' f
or `english'. on input line 24.
Package hyperref Info: Link coloring ON on input line 24.

(C:\Users\fritz\AppData\Local\Programs\MiKTeX\tex/latex/hyperref\nameref.sty
Package: nameref 2021-04-02 v2.47 Cross-referencing by name of section

(C:\Users\fritz\AppData\Local\Programs\MiKTeX\tex/latex/refcount\refcount.sty
Package: refcount 2019/12/15 v3.6 Data extraction from label references (HO)
)
(C:\Users\fritz\AppData\Local\Programs\MiKTeX\tex/generic/gettitlestring\gettit
lestring.sty
Package: gettitlestring 2019/12/15 v1.6 Cleanup title references (HO)
)
\c@section@level=\count292
)
LaTeX Info: Redefining \ref on input line 24.
LaTeX Info: Redefining \pageref on input line 24.
LaTeX Info: Redefining \nameref on input line 24.
 (main.out) (main.out)
\@outlinefile=\write3
\openout3 = `main.out'.

LaTeX Font Info:    Trying to load font information for U+msa on input line 27.


(C:\Users\fritz\AppData\Local\Programs\MiKTeX\tex/latex/amsfonts\umsa.fd
File: umsa.fd 2013/01/14 v3.01 AMS symbols A
)
LaTeX Font Info:    Trying to load font information for U+msb on input line 27.


(C:\Users\fritz\AppData\Local\Programs\MiKTeX\tex/latex/amsfonts\umsb.fd
File: umsb.fd 2013/01/14 v3.01 AMS symbols B
)
(sections/abstract.tex) (main.toc)
\tf@toc=\write4
\openout4 = `main.toc'.

 (sections/introduction.tex)
(sections/experiment.tex [1

{C:/Users/fritz/AppData/Local/MiKTeX/pdftex/config/pdftex.map}] [2]) (sections/
results.tex) (sections/analysis.tex [3])
(sections/disscussion.tex) (sections/conclusion.tex) [4] (sections/dos.tex
[5]) (sections/references.tex) [6] (main.aux)
Package rerunfilecheck Info: File `main.out' has not changed.
(rerunfilecheck)             Checksum: 5A549C470A967371D57C35FDC6EC3526;1686.
 ) 
Here is how much of TeX's memory you used:
 13421 strings out of 479334
 248698 string characters out of 2857084
 522413 words of memory out of 3000000
 30639 multiletter control sequences out of 15000+200000
 418731 words of font info for 82 fonts, out of 3000000 for 9000
 1141 hyphenation exceptions out of 8191
 84i,8n,92p,681b,810s stack positions out of 5000i,500n,10000p,200000b,50000s
 <C:\Users\fritz\AppData\Local\MiKTeX\fonts/pk/ljfour/jknappen/ec/dpi600\tcrm
1200.pk><C:/Users/fritz/AppData/Local/Programs/MiKTeX/fonts/type1/public/amsfon
ts/cm/cmbx10.pfb><C:/Users/fritz/AppData/Local/Programs/MiKTeX/fonts/type1/publ
ic/amsfonts/cm/cmbx12.pfb><C:/Users/fritz/AppData/Local/Programs/MiKTeX/fonts/t
ype1/public/amsfonts/cm/cmmi12.pfb><C:/Users/fritz/AppData/Local/Programs/MiKTe
X/fonts/type1/public/amsfonts/cm/cmmi8.pfb><C:/Users/fritz/AppData/Local/Progra
ms/MiKTeX/fonts/type1/public/amsfonts/cm/cmr10.pfb><C:/Users/fritz/AppData/Loca
l/Programs/MiKTeX/fonts/type1/public/amsfonts/cm/cmr12.pfb><C:/Users/fritz/AppD
ata/Local/Programs/MiKTeX/fonts/type1/public/amsfonts/cm/cmr17.pfb><C:/Users/fr
itz/AppData/Local/Programs/MiKTeX/fonts/type1/public/amsfonts/cm/cmr8.pfb><C:/U
sers/fritz/AppData/Local/Programs/MiKTeX/fonts/type1/public/amsfonts/cm/cmsy10.
pfb><C:/Users/fritz/AppData/Local/Programs/MiKTeX/fonts/type1/public/amsfonts/c
m/cmsy8.pfb>
Output written on main.pdf (6 pages, 144553 bytes).
PDF statistics:
 162 PDF objects out of 1000 (max. 8388607)
 30 named destinations out of 1000 (max. 500000)
 105 words of extra memory for PDF output out of 10000 (max. 10000000)

